<?xml version="1.0" encoding="UTF-8"?>
<!-- Generated by org.testng.reporters.JUnitXMLReporter -->
<testsuite hostname="USBLRPKATARIAS1" name="ChromeTest" tests="4" failures="0" timestamp="25 Sep 2016 07:21:05 GMT" time="76.099" errors="0">
  <testcase name="MultipleLoginActitime" time="0.016" classname="com.Orange.HRMS.MainFunctions.Delta">
    <skipped/>
  </testcase> <!-- MultipleLoginActitime -->
  <testcase name="MultipleLoginActitime" time="0.002" classname="com.Orange.HRMS.MainFunctions.Delta">
    <skipped/>
  </testcase> <!-- MultipleLoginActitime -->
  <testcase name="MultipleLoginActitime" time="17.682" classname="com.Orange.HRMS.MainFunctions.Delta"/>
  <testcase name="MultipleLoginActitime" time="12.451" classname="com.Orange.HRMS.MainFunctions.Delta"/>
</testsuite> <!-- ChromeTest -->
